{"C:\\workspace\\gg\\site\\client\\src\\config.js": {"path":"C:\\workspace\\gg\\site\\client\\src\\config.js","statementMap":{"0":{"start":{"line":1,"column":0},"end":{"line":1,"column":26}},"1":{"start":{"line":5,"column":0},"end":{"line":9,"column":1}},"2":{"start":{"line":6,"column":2},"end":{"line":6,"column":38}},"3":{"start":{"line":8,"column":2},"end":{"line":8,"column":34}},"4":{"start":{"line":11,"column":0},"end":{"line":13,"column":1}}},"fnMap":{},"branchMap":{"0":{"loc":{"start":{"line":5,"column":0},"end":{"line":9,"column":1}},"type":"if","locations":[{"start":{"line":5,"column":0},"end":{"line":9,"column":1}},{"start":{"line":5,"column":0},"end":{"line":9,"column":1}}],"line":5}},"s":{"0":1,"1":1,"2":1,"3":0,"4":1},"f":{},"b":{"0":[1,0]},"_coverageSchema":"1a1c01bbd47fc00a2c39e90264f33305004495a9","hash":"ce0462ea89cdb49765773672d19aaf1aaabb5e46"}
,"C:\\workspace\\gg\\site\\client\\src\\components\\sharedComponents\\Button\\Button.Style.js": {"path":"C:\\workspace\\gg\\site\\client\\src\\components\\sharedComponents\\Button\\Button.Style.js","statementMap":{"0":{"start":{"line":3,"column":18},"end":{"line":29,"column":1}},"1":{"start":{"line":4,"column":32},"end":{"line":4,"column":37}},"2":{"start":{"line":5,"column":2},"end":{"line":28,"column":3}},"3":{"start":{"line":31,"column":22},"end":{"line":33,"column":3}},"4":{"start":{"line":31,"column":45},"end":{"line":33,"column":1}},"5":{"start":{"line":32,"column":19},"end":{"line":32,"column":42}}},"fnMap":{"0":{"name":"(anonymous_0)","decl":{"start":{"line":3,"column":18},"end":{"line":3,"column":19}},"loc":{"start":{"line":3,"column":42},"end":{"line":29,"column":1}},"line":3},"1":{"name":"(anonymous_1)","decl":{"start":{"line":31,"column":33},"end":{"line":31,"column":34}},"loc":{"start":{"line":31,"column":45},"end":{"line":33,"column":1}},"line":31},"2":{"name":"(anonymous_2)","decl":{"start":{"line":32,"column":8},"end":{"line":32,"column":9}},"loc":{"start":{"line":32,"column":19},"end":{"line":32,"column":42}},"line":32}},"branchMap":{"0":{"loc":{"start":{"line":25,"column":15},"end":{"line":25,"column":47}},"type":"cond-expr","locations":[{"start":{"line":25,"column":31},"end":{"line":25,"column":37}},{"start":{"line":25,"column":40},"end":{"line":25,"column":47}}],"line":25},"1":{"loc":{"start":{"line":25,"column":15},"end":{"line":25,"column":28}},"type":"binary-expr","locations":[{"start":{"line":25,"column":15},"end":{"line":25,"column":19}},{"start":{"line":25,"column":23},"end":{"line":25,"column":28}}],"line":25}},"s":{"0":1,"1":0,"2":0,"3":1,"4":0,"5":0},"f":{"0":0,"1":0,"2":0},"b":{"0":[0,0],"1":[0,0]},"_coverageSchema":"1a1c01bbd47fc00a2c39e90264f33305004495a9","hash":"5a707db51089d8ea0b89ef0ae4104431cf2fd99b"}
,"C:\\workspace\\gg\\site\\client\\src\\components\\sharedComponents\\Button\\index.jsx": {"path":"C:\\workspace\\gg\\site\\client\\src\\components\\sharedComponents\\Button\\index.jsx","statementMap":{"0":{"start":{"line":9,"column":15},"end":{"line":33,"column":1}},"1":{"start":{"line":10,"column":53},"end":{"line":10,"column":58}},"2":{"start":{"line":12,"column":18},"end":{"line":12,"column":31}},"3":{"start":{"line":14,"column":24},"end":{"line":18,"column":3}},"4":{"start":{"line":15,"column":4},"end":{"line":17,"column":5}},"5":{"start":{"line":16,"column":6},"end":{"line":16,"column":20}},"6":{"start":{"line":20,"column":2},"end":{"line":32,"column":3}},"7":{"start":{"line":35,"column":0},"end":{"line":41,"column":1}},"8":{"start":{"line":43,"column":0},"end":{"line":45,"column":1}}},"fnMap":{"0":{"name":"(anonymous_0)","decl":{"start":{"line":9,"column":15},"end":{"line":9,"column":16}},"loc":{"start":{"line":9,"column":32},"end":{"line":33,"column":1}},"line":9},"1":{"name":"(anonymous_1)","decl":{"start":{"line":14,"column":24},"end":{"line":14,"column":25}},"loc":{"start":{"line":14,"column":41},"end":{"line":18,"column":3}},"line":14}},"branchMap":{"0":{"loc":{"start":{"line":15,"column":4},"end":{"line":17,"column":5}},"type":"if","locations":[{"start":{"line":15,"column":4},"end":{"line":17,"column":5}},{"start":{"line":15,"column":4},"end":{"line":17,"column":5}}],"line":15}},"s":{"0":1,"1":0,"2":0,"3":0,"4":0,"5":0,"6":0,"7":1,"8":1},"f":{"0":0,"1":0},"b":{"0":[0,0]},"_coverageSchema":"1a1c01bbd47fc00a2c39e90264f33305004495a9","hash":"f4293a3f6823fbf7c8ab68f841c0330fab21dfb8"}
,"C:\\workspace\\gg\\site\\client\\src\\components\\sharedComponents\\LoginContainer\\LoginContainer.Style.js": {"path":"C:\\workspace\\gg\\site\\client\\src\\components\\sharedComponents\\LoginContainer\\LoginContainer.Style.js","statementMap":{"0":{"start":{"line":4,"column":22},"end":{"line":40,"column":3}},"1":{"start":{"line":4,"column":45},"end":{"line":40,"column":1}}},"fnMap":{"0":{"name":"(anonymous_0)","decl":{"start":{"line":4,"column":33},"end":{"line":4,"column":34}},"loc":{"start":{"line":4,"column":45},"end":{"line":40,"column":1}},"line":4}},"branchMap":{},"s":{"0":1,"1":0},"f":{"0":0},"b":{},"_coverageSchema":"1a1c01bbd47fc00a2c39e90264f33305004495a9","hash":"a3a7f198f42920aac7cad2609d2e30b23857534d"}
,"C:\\workspace\\gg\\site\\client\\src\\components\\sharedComponents\\LoginContainer\\index.jsx": {"path":"C:\\workspace\\gg\\site\\client\\src\\components\\sharedComponents\\LoginContainer\\index.jsx","statementMap":{"0":{"start":{"line":10,"column":18},"end":{"line":36,"column":1}},"1":{"start":{"line":11,"column":18},"end":{"line":11,"column":26}},"2":{"start":{"line":12,"column":18},"end":{"line":12,"column":30}},"3":{"start":{"line":14,"column":22},"end":{"line":16,"column":3}},"4":{"start":{"line":15,"column":4},"end":{"line":15,"column":24}},"5":{"start":{"line":18,"column":2},"end":{"line":35,"column":3}}},"fnMap":{"0":{"name":"(anonymous_0)","decl":{"start":{"line":10,"column":18},"end":{"line":10,"column":19}},"loc":{"start":{"line":10,"column":42},"end":{"line":36,"column":1}},"line":10},"1":{"name":"(anonymous_1)","decl":{"start":{"line":14,"column":22},"end":{"line":14,"column":23}},"loc":{"start":{"line":14,"column":34},"end":{"line":16,"column":3}},"line":14}},"branchMap":{},"s":{"0":1,"1":0,"2":0,"3":0,"4":0,"5":0},"f":{"0":0,"1":0},"b":{},"_coverageSchema":"1a1c01bbd47fc00a2c39e90264f33305004495a9","hash":"e510c4263a01858bb79d67100579ad5367309240"}
,"C:\\workspace\\gg\\site\\client\\src\\components\\sharedComponents\\Password\\Password.Style.js": {"path":"C:\\workspace\\gg\\site\\client\\src\\components\\sharedComponents\\Password\\Password.Style.js","statementMap":{"0":{"start":{"line":3,"column":22},"end":{"line":13,"column":3}},"1":{"start":{"line":3,"column":45},"end":{"line":13,"column":1}}},"fnMap":{"0":{"name":"(anonymous_0)","decl":{"start":{"line":3,"column":33},"end":{"line":3,"column":34}},"loc":{"start":{"line":3,"column":45},"end":{"line":13,"column":1}},"line":3}},"branchMap":{},"s":{"0":1,"1":0},"f":{"0":0},"b":{},"_coverageSchema":"1a1c01bbd47fc00a2c39e90264f33305004495a9","hash":"c39ce607821e979ffdd0763ae32ace089e53f4e5"}
,"C:\\workspace\\gg\\site\\client\\src\\components\\sharedComponents\\Password\\index.jsx": {"path":"C:\\workspace\\gg\\site\\client\\src\\components\\sharedComponents\\Password\\index.jsx","statementMap":{"0":{"start":{"line":12,"column":18},"end":{"line":77,"column":1}},"1":{"start":{"line":13,"column":18},"end":{"line":13,"column":26}},"2":{"start":{"line":25,"column":6},"end":{"line":25,"column":11}},"3":{"start":{"line":26,"column":26},"end":{"line":26,"column":44}},"4":{"start":{"line":27,"column":38},"end":{"line":27,"column":58}},"5":{"start":{"line":29,"column":23},"end":{"line":36,"column":3}},"6":{"start":{"line":30,"column":22},"end":{"line":30,"column":34}},"7":{"start":{"line":31,"column":4},"end":{"line":31,"column":17}},"8":{"start":{"line":33,"column":4},"end":{"line":35,"column":5}},"9":{"start":{"line":34,"column":6},"end":{"line":34,"column":31}},"10":{"start":{"line":38,"column":28},"end":{"line":40,"column":3}},"11":{"start":{"line":39,"column":4},"end":{"line":39,"column":30}},"12":{"start":{"line":41,"column":2},"end":{"line":76,"column":3}},"13":{"start":{"line":79,"column":0},"end":{"line":91,"column":1}}},"fnMap":{"0":{"name":"(anonymous_0)","decl":{"start":{"line":12,"column":18},"end":{"line":12,"column":19}},"loc":{"start":{"line":12,"column":35},"end":{"line":77,"column":1}},"line":12},"1":{"name":"(anonymous_1)","decl":{"start":{"line":29,"column":23},"end":{"line":29,"column":24}},"loc":{"start":{"line":29,"column":40},"end":{"line":36,"column":3}},"line":29},"2":{"name":"(anonymous_2)","decl":{"start":{"line":38,"column":28},"end":{"line":38,"column":29}},"loc":{"start":{"line":38,"column":40},"end":{"line":40,"column":3}},"line":38}},"branchMap":{"0":{"loc":{"start":{"line":33,"column":4},"end":{"line":35,"column":5}},"type":"if","locations":[{"start":{"line":33,"column":4},"end":{"line":35,"column":5}},{"start":{"line":33,"column":4},"end":{"line":35,"column":5}}],"line":33},"1":{"loc":{"start":{"line":46,"column":12},"end":{"line":46,"column":44}},"type":"cond-expr","locations":[{"start":{"line":46,"column":25},"end":{"line":46,"column":35}},{"start":{"line":46,"column":38},"end":{"line":46,"column":44}}],"line":46},"2":{"loc":{"start":{"line":51,"column":18},"end":{"line":51,"column":49}},"type":"cond-expr","locations":[{"start":{"line":51,"column":26},"end":{"line":51,"column":39}},{"start":{"line":51,"column":42},"end":{"line":51,"column":49}}],"line":51},"3":{"loc":{"start":{"line":58,"column":24},"end":{"line":62,"column":9}},"type":"binary-expr","locations":[{"start":{"line":58,"column":24},"end":{"line":58,"column":28}},{"start":{"line":59,"column":10},"end":{"line":61,"column":27}}],"line":58},"4":{"loc":{"start":{"line":70,"column":15},"end":{"line":70,"column":59}},"type":"cond-expr","locations":[{"start":{"line":70,"column":28},"end":{"line":70,"column":44}},{"start":{"line":70,"column":47},"end":{"line":70,"column":59}}],"line":70}},"s":{"0":1,"1":0,"2":0,"3":0,"4":0,"5":0,"6":0,"7":0,"8":0,"9":0,"10":0,"11":0,"12":0,"13":1},"f":{"0":0,"1":0,"2":0},"b":{"0":[0,0],"1":[0,0],"2":[0,0],"3":[0,0],"4":[0,0]},"_coverageSchema":"1a1c01bbd47fc00a2c39e90264f33305004495a9","hash":"bf9a8606e733b768a23a794c6a09985b2b3a4ee0"}
,"C:\\workspace\\gg\\site\\client\\src\\components\\sharedComponents\\TextField\\TextField.Style.js": {"path":"C:\\workspace\\gg\\site\\client\\src\\components\\sharedComponents\\TextField\\TextField.Style.js","statementMap":{"0":{"start":{"line":3,"column":22},"end":{"line":13,"column":3}},"1":{"start":{"line":3,"column":45},"end":{"line":13,"column":1}}},"fnMap":{"0":{"name":"(anonymous_0)","decl":{"start":{"line":3,"column":33},"end":{"line":3,"column":34}},"loc":{"start":{"line":3,"column":45},"end":{"line":13,"column":1}},"line":3}},"branchMap":{},"s":{"0":1,"1":0},"f":{"0":0},"b":{},"_coverageSchema":"1a1c01bbd47fc00a2c39e90264f33305004495a9","hash":"941a068e6486bbe64ffd3c1e1325363d30220cea"}
,"C:\\workspace\\gg\\site\\client\\src\\components\\sharedComponents\\TextField\\index.jsx": {"path":"C:\\workspace\\gg\\site\\client\\src\\components\\sharedComponents\\TextField\\index.jsx","statementMap":{"0":{"start":{"line":12,"column":18},"end":{"line":75,"column":1}},"1":{"start":{"line":13,"column":18},"end":{"line":13,"column":26}},"2":{"start":{"line":29,"column":6},"end":{"line":29,"column":11}},"3":{"start":{"line":30,"column":26},"end":{"line":30,"column":54}},"4":{"start":{"line":32,"column":23},"end":{"line":39,"column":3}},"5":{"start":{"line":33,"column":22},"end":{"line":33,"column":34}},"6":{"start":{"line":34,"column":4},"end":{"line":34,"column":17}},"7":{"start":{"line":36,"column":4},"end":{"line":38,"column":5}},"8":{"start":{"line":37,"column":6},"end":{"line":37,"column":31}},"9":{"start":{"line":41,"column":2},"end":{"line":43,"column":20}},"10":{"start":{"line":42,"column":4},"end":{"line":42,"column":31}},"11":{"start":{"line":45,"column":2},"end":{"line":74,"column":3}},"12":{"start":{"line":77,"column":0},"end":{"line":92,"column":1}},"13":{"start":{"line":94,"column":0},"end":{"line":97,"column":1}}},"fnMap":{"0":{"name":"(anonymous_0)","decl":{"start":{"line":12,"column":18},"end":{"line":12,"column":19}},"loc":{"start":{"line":12,"column":35},"end":{"line":75,"column":1}},"line":12},"1":{"name":"(anonymous_1)","decl":{"start":{"line":32,"column":23},"end":{"line":32,"column":24}},"loc":{"start":{"line":32,"column":40},"end":{"line":39,"column":3}},"line":32},"2":{"name":"(anonymous_2)","decl":{"start":{"line":41,"column":12},"end":{"line":41,"column":13}},"loc":{"start":{"line":41,"column":18},"end":{"line":43,"column":3}},"line":41}},"branchMap":{"0":{"loc":{"start":{"line":36,"column":4},"end":{"line":38,"column":5}},"type":"if","locations":[{"start":{"line":36,"column":4},"end":{"line":38,"column":5}},{"start":{"line":36,"column":4},"end":{"line":38,"column":5}}],"line":36},"1":{"loc":{"start":{"line":42,"column":12},"end":{"line":42,"column":30}},"type":"binary-expr","locations":[{"start":{"line":42,"column":12},"end":{"line":42,"column":24}},{"start":{"line":42,"column":28},"end":{"line":42,"column":30}}],"line":42},"2":{"loc":{"start":{"line":49,"column":17},"end":{"line":49,"column":33}},"type":"binary-expr","locations":[{"start":{"line":49,"column":17},"end":{"line":49,"column":21}},{"start":{"line":49,"column":25},"end":{"line":49,"column":33}}],"line":49},"3":{"loc":{"start":{"line":57,"column":18},"end":{"line":57,"column":49}},"type":"cond-expr","locations":[{"start":{"line":57,"column":26},"end":{"line":57,"column":39}},{"start":{"line":57,"column":42},"end":{"line":57,"column":49}}],"line":57},"4":{"loc":{"start":{"line":64,"column":23},"end":{"line":64,"column":37}},"type":"binary-expr","locations":[{"start":{"line":64,"column":23},"end":{"line":64,"column":29}},{"start":{"line":64,"column":33},"end":{"line":64,"column":37}}],"line":64},"5":{"loc":{"start":{"line":67,"column":24},"end":{"line":71,"column":9}},"type":"binary-expr","locations":[{"start":{"line":67,"column":24},"end":{"line":67,"column":28}},{"start":{"line":68,"column":10},"end":{"line":70,"column":27}}],"line":67}},"s":{"0":1,"1":0,"2":0,"3":0,"4":0,"5":0,"6":0,"7":0,"8":0,"9":0,"10":0,"11":0,"12":1,"13":1},"f":{"0":0,"1":0,"2":0},"b":{"0":[0,0],"1":[0,0],"2":[0,0],"3":[0,0],"4":[0,0],"5":[0,0]},"_coverageSchema":"1a1c01bbd47fc00a2c39e90264f33305004495a9","hash":"f0c150785631317d40a603a6cb41107982b738e1"}
,"C:\\workspace\\gg\\site\\client\\src\\redux\\actions\\AlertAction.js": {"path":"C:\\workspace\\gg\\site\\client\\src\\redux\\actions\\AlertAction.js","statementMap":{"0":{"start":{"line":6,"column":4},"end":{"line":6,"column":70}},"1":{"start":{"line":10,"column":4},"end":{"line":10,"column":62}}},"fnMap":{"0":{"name":"(anonymous_0)","decl":{"start":{"line":5,"column":2},"end":{"line":5,"column":3}},"loc":{"start":{"line":5,"column":15},"end":{"line":7,"column":3}},"line":5},"1":{"name":"(anonymous_1)","decl":{"start":{"line":9,"column":2},"end":{"line":9,"column":3}},"loc":{"start":{"line":9,"column":9},"end":{"line":11,"column":3}},"line":9}},"branchMap":{},"s":{"0":0,"1":0},"f":{"0":0,"1":0},"b":{},"_coverageSchema":"1a1c01bbd47fc00a2c39e90264f33305004495a9","hash":"9dffa61f08301d9f88ae91c2431a41dd847c0433"}
,"C:\\workspace\\gg\\site\\client\\src\\redux\\reducers\\AlertReducer.js": {"path":"C:\\workspace\\gg\\site\\client\\src\\redux\\reducers\\AlertReducer.js","statementMap":{"0":{"start":{"line":3,"column":21},"end":{"line":6,"column":1}},"1":{"start":{"line":9,"column":2},"end":{"line":25,"column":3}},"2":{"start":{"line":11,"column":6},"end":{"line":15,"column":7}},"3":{"start":{"line":18,"column":6},"end":{"line":21,"column":7}},"4":{"start":{"line":24,"column":6},"end":{"line":24,"column":18}}},"fnMap":{"0":{"name":"(anonymous_0)","decl":{"start":{"line":8,"column":15},"end":{"line":8,"column":16}},"loc":{"start":{"line":8,"column":55},"end":{"line":26,"column":1}},"line":8}},"branchMap":{"0":{"loc":{"start":{"line":8,"column":25},"end":{"line":8,"column":45}},"type":"default-arg","locations":[{"start":{"line":8,"column":33},"end":{"line":8,"column":45}}],"line":8},"1":{"loc":{"start":{"line":9,"column":2},"end":{"line":25,"column":3}},"type":"switch","locations":[{"start":{"line":10,"column":4},"end":{"line":16,"column":5}},{"start":{"line":17,"column":4},"end":{"line":22,"column":5}},{"start":{"line":23,"column":4},"end":{"line":24,"column":18}}],"line":9}},"s":{"0":1,"1":3,"2":0,"3":0,"4":3},"f":{"0":3},"b":{"0":[3],"1":[0,0,3]},"_coverageSchema":"1a1c01bbd47fc00a2c39e90264f33305004495a9","hash":"eb404441eb960fa7137413baebe6c46d16a049c0"}
,"C:\\workspace\\gg\\site\\client\\src\\redux\\reducers\\UserReducer.js": {"path":"C:\\workspace\\gg\\site\\client\\src\\redux\\reducers\\UserReducer.js","statementMap":{"0":{"start":{"line":4,"column":21},"end":{"line":6,"column":1}},"1":{"start":{"line":9,"column":2},"end":{"line":19,"column":3}},"2":{"start":{"line":11,"column":6},"end":{"line":11,"column":44}},"3":{"start":{"line":14,"column":6},"end":{"line":14,"column":51}},"4":{"start":{"line":15,"column":6},"end":{"line":15,"column":17}},"5":{"start":{"line":18,"column":6},"end":{"line":18,"column":18}}},"fnMap":{"0":{"name":"(anonymous_0)","decl":{"start":{"line":8,"column":15},"end":{"line":8,"column":16}},"loc":{"start":{"line":8,"column":55},"end":{"line":20,"column":1}},"line":8}},"branchMap":{"0":{"loc":{"start":{"line":8,"column":25},"end":{"line":8,"column":45}},"type":"default-arg","locations":[{"start":{"line":8,"column":33},"end":{"line":8,"column":45}}],"line":8},"1":{"loc":{"start":{"line":9,"column":2},"end":{"line":19,"column":3}},"type":"switch","locations":[{"start":{"line":10,"column":4},"end":{"line":12,"column":5}},{"start":{"line":13,"column":4},"end":{"line":16,"column":5}},{"start":{"line":17,"column":4},"end":{"line":18,"column":18}}],"line":9}},"s":{"0":1,"1":3,"2":0,"3":0,"4":0,"5":3},"f":{"0":3},"b":{"0":[3],"1":[0,0,3]},"_coverageSchema":"1a1c01bbd47fc00a2c39e90264f33305004495a9","hash":"0be57d7bd306e2a186a63ebb91fb124d19305c24"}
,"C:\\workspace\\gg\\site\\client\\src\\redux\\reducers\\chatReducer.js": {"path":"C:\\workspace\\gg\\site\\client\\src\\redux\\reducers\\chatReducer.js","statementMap":{"0":{"start":{"line":7,"column":21},"end":{"line":7,"column":23}},"1":{"start":{"line":8,"column":20},"end":{"line":13,"column":1}},"2":{"start":{"line":9,"column":1},"end":{"line":12,"column":2}},"3":{"start":{"line":11,"column":3},"end":{"line":11,"column":16}}},"fnMap":{"0":{"name":"(anonymous_0)","decl":{"start":{"line":8,"column":20},"end":{"line":8,"column":21}},"loc":{"start":{"line":8,"column":54},"end":{"line":13,"column":1}},"line":8}},"branchMap":{"0":{"loc":{"start":{"line":8,"column":21},"end":{"line":8,"column":41}},"type":"default-arg","locations":[{"start":{"line":8,"column":29},"end":{"line":8,"column":41}}],"line":8},"1":{"loc":{"start":{"line":9,"column":1},"end":{"line":12,"column":2}},"type":"switch","locations":[{"start":{"line":10,"column":2},"end":{"line":11,"column":16}}],"line":9}},"s":{"0":1,"1":1,"2":3,"3":3},"f":{"0":3},"b":{"0":[3],"1":[3]},"_coverageSchema":"1a1c01bbd47fc00a2c39e90264f33305004495a9","hash":"5cd5ce612eb8eec9fd74b7ee7512104e2dae30e5"}
,"C:\\workspace\\gg\\site\\client\\src\\redux\\reducers\\dialogReducer.js": {"path":"C:\\workspace\\gg\\site\\client\\src\\redux\\reducers\\dialogReducer.js","statementMap":{"0":{"start":{"line":3,"column":21},"end":{"line":8,"column":1}},"1":{"start":{"line":11,"column":2},"end":{"line":27,"column":3}},"2":{"start":{"line":13,"column":6},"end":{"line":17,"column":7}},"3":{"start":{"line":20,"column":6},"end":{"line":23,"column":7}},"4":{"start":{"line":26,"column":6},"end":{"line":26,"column":18}}},"fnMap":{"0":{"name":"(anonymous_0)","decl":{"start":{"line":7,"column":12},"end":{"line":7,"column":13}},"loc":{"start":{"line":7,"column":18},"end":{"line":7,"column":20}},"line":7},"1":{"name":"(anonymous_1)","decl":{"start":{"line":10,"column":15},"end":{"line":10,"column":16}},"loc":{"start":{"line":10,"column":55},"end":{"line":28,"column":1}},"line":10}},"branchMap":{"0":{"loc":{"start":{"line":10,"column":25},"end":{"line":10,"column":45}},"type":"default-arg","locations":[{"start":{"line":10,"column":33},"end":{"line":10,"column":45}}],"line":10},"1":{"loc":{"start":{"line":11,"column":2},"end":{"line":27,"column":3}},"type":"switch","locations":[{"start":{"line":12,"column":4},"end":{"line":18,"column":5}},{"start":{"line":19,"column":4},"end":{"line":24,"column":5}},{"start":{"line":25,"column":4},"end":{"line":26,"column":18}}],"line":11}},"s":{"0":1,"1":3,"2":0,"3":0,"4":3},"f":{"0":0,"1":3},"b":{"0":[3],"1":[0,0,3]},"_coverageSchema":"1a1c01bbd47fc00a2c39e90264f33305004495a9","hash":"8306bce22a18b5141b7a305cbdaffdbfb2adfe6d"}
,"C:\\workspace\\gg\\site\\client\\src\\redux\\reducers\\index.js": {"path":"C:\\workspace\\gg\\site\\client\\src\\redux\\reducers\\index.js","statementMap":{"0":{"start":{"line":7,"column":19},"end":{"line":12,"column":2}},"1":{"start":{"line":14,"column":20},"end":{"line":16,"column":1}},"2":{"start":{"line":15,"column":2},"end":{"line":15,"column":34}}},"fnMap":{"0":{"name":"(anonymous_0)","decl":{"start":{"line":14,"column":20},"end":{"line":14,"column":21}},"loc":{"start":{"line":14,"column":39},"end":{"line":16,"column":1}},"line":14}},"branchMap":{},"s":{"0":1,"1":1,"2":1},"f":{"0":1},"b":{},"_coverageSchema":"1a1c01bbd47fc00a2c39e90264f33305004495a9","hash":"000abade2e2986ee1b675ef9451491d2e0490f9c"}
,"C:\\workspace\\gg\\site\\client\\src\\redux\\store\\index.js": {"path":"C:\\workspace\\gg\\site\\client\\src\\redux\\store\\index.js","statementMap":{"0":{"start":{"line":6,"column":14},"end":{"line":6,"column":62}}},"fnMap":{},"branchMap":{},"s":{"0":1},"f":{},"b":{},"_coverageSchema":"1a1c01bbd47fc00a2c39e90264f33305004495a9","hash":"d6995c1de39f351a6dd5260b009295c00cb8aaf7"}
,"C:\\workspace\\gg\\site\\client\\src\\repositories\\user.js": {"path":"C:\\workspace\\gg\\site\\client\\src\\repositories\\user.js","statementMap":{"0":{"start":{"line":5,"column":4},"end":{"line":12,"column":5}},"1":{"start":{"line":6,"column":6},"end":{"line":9,"column":8}},"2":{"start":{"line":16,"column":4},"end":{"line":22,"column":5}},"3":{"start":{"line":17,"column":6},"end":{"line":19,"column":8}},"4":{"start":{"line":26,"column":4},"end":{"line":33,"column":5}},"5":{"start":{"line":27,"column":6},"end":{"line":30,"column":8}},"6":{"start":{"line":37,"column":4},"end":{"line":44,"column":5}},"7":{"start":{"line":38,"column":6},"end":{"line":41,"column":8}}},"fnMap":{"0":{"name":"(anonymous_0)","decl":{"start":{"line":4,"column":2},"end":{"line":4,"column":3}},"loc":{"start":{"line":4,"column":17},"end":{"line":13,"column":3}},"line":4},"1":{"name":"(anonymous_1)","decl":{"start":{"line":15,"column":2},"end":{"line":15,"column":3}},"loc":{"start":{"line":15,"column":25},"end":{"line":23,"column":3}},"line":15},"2":{"name":"(anonymous_2)","decl":{"start":{"line":25,"column":2},"end":{"line":25,"column":3}},"loc":{"start":{"line":25,"column":22},"end":{"line":34,"column":3}},"line":25},"3":{"name":"(anonymous_3)","decl":{"start":{"line":36,"column":2},"end":{"line":36,"column":3}},"loc":{"start":{"line":36,"column":14},"end":{"line":45,"column":3}},"line":36}},"branchMap":{},"s":{"0":0,"1":0,"2":0,"3":0,"4":0,"5":0,"6":0,"7":0},"f":{"0":0,"1":0,"2":0,"3":0},"b":{},"_coverageSchema":"1a1c01bbd47fc00a2c39e90264f33305004495a9","hash":"94936129e17990d2c674ef9554fd99b069ba6227"}
,"C:\\workspace\\gg\\site\\client\\src\\services\\Storage.js": {"path":"C:\\workspace\\gg\\site\\client\\src\\services\\Storage.js","statementMap":{"0":{"start":{"line":1,"column":16},"end":{"line":13,"column":1}},"1":{"start":{"line":3,"column":4},"end":{"line":3,"column":35}},"2":{"start":{"line":7,"column":4},"end":{"line":7,"column":48}},"3":{"start":{"line":11,"column":4},"end":{"line":11,"column":32}}},"fnMap":{"0":{"name":"(anonymous_0)","decl":{"start":{"line":2,"column":2},"end":{"line":2,"column":3}},"loc":{"start":{"line":2,"column":18},"end":{"line":4,"column":3}},"line":2},"1":{"name":"(anonymous_1)","decl":{"start":{"line":6,"column":2},"end":{"line":6,"column":3}},"loc":{"start":{"line":6,"column":12},"end":{"line":8,"column":3}},"line":6},"2":{"name":"(anonymous_2)","decl":{"start":{"line":10,"column":2},"end":{"line":10,"column":3}},"loc":{"start":{"line":10,"column":14},"end":{"line":12,"column":3}},"line":10}},"branchMap":{},"s":{"0":1,"1":0,"2":1,"3":0},"f":{"0":0,"1":1,"2":0},"b":{},"_coverageSchema":"1a1c01bbd47fc00a2c39e90264f33305004495a9","hash":"2a6952654aeb288d6540fabf0dd03def13fff3f4"}
,"C:\\workspace\\gg\\site\\client\\src\\services\\httpService.js": {"path":"C:\\workspace\\gg\\site\\client\\src\\services\\httpService.js","statementMap":{"0":{"start":{"line":11,"column":4},"end":{"line":22,"column":8}},"1":{"start":{"line":14,"column":8},"end":{"line":14,"column":40}},"2":{"start":{"line":17,"column":8},"end":{"line":20,"column":10}},"3":{"start":{"line":21,"column":8},"end":{"line":21,"column":36}},"4":{"start":{"line":26,"column":4},"end":{"line":38,"column":8}},"5":{"start":{"line":29,"column":8},"end":{"line":29,"column":45}},"6":{"start":{"line":32,"column":8},"end":{"line":32,"column":35}},"7":{"start":{"line":33,"column":8},"end":{"line":36,"column":10}},"8":{"start":{"line":37,"column":8},"end":{"line":37,"column":36}}},"fnMap":{"0":{"name":"(anonymous_0)","decl":{"start":{"line":10,"column":2},"end":{"line":10,"column":3}},"loc":{"start":{"line":10,"column":16},"end":{"line":23,"column":3}},"line":10},"1":{"name":"(anonymous_1)","decl":{"start":{"line":13,"column":12},"end":{"line":13,"column":13}},"loc":{"start":{"line":13,"column":26},"end":{"line":15,"column":7}},"line":13},"2":{"name":"(anonymous_2)","decl":{"start":{"line":16,"column":13},"end":{"line":16,"column":14}},"loc":{"start":{"line":16,"column":24},"end":{"line":22,"column":7}},"line":16},"3":{"name":"(anonymous_3)","decl":{"start":{"line":25,"column":2},"end":{"line":25,"column":3}},"loc":{"start":{"line":25,"column":15},"end":{"line":39,"column":3}},"line":25},"4":{"name":"(anonymous_4)","decl":{"start":{"line":28,"column":12},"end":{"line":28,"column":13}},"loc":{"start":{"line":28,"column":26},"end":{"line":30,"column":7}},"line":28},"5":{"name":"(anonymous_5)","decl":{"start":{"line":31,"column":13},"end":{"line":31,"column":14}},"loc":{"start":{"line":31,"column":24},"end":{"line":38,"column":7}},"line":31}},"branchMap":{},"s":{"0":0,"1":0,"2":0,"3":0,"4":0,"5":0,"6":0,"7":0,"8":0},"f":{"0":0,"1":0,"2":0,"3":0,"4":0,"5":0},"b":{},"_coverageSchema":"1a1c01bbd47fc00a2c39e90264f33305004495a9","hash":"4290883abbd8b3ae7ac2c380c119b05d672d1e04"}
,"C:\\workspace\\gg\\site\\client\\src\\services\\utils.js": {"path":"C:\\workspace\\gg\\site\\client\\src\\services\\utils.js","statementMap":{"0":{"start":{"line":3,"column":29},"end":{"line":7,"column":1}},"1":{"start":{"line":4,"column":1},"end":{"line":6,"column":2}}},"fnMap":{"0":{"name":"(anonymous_0)","decl":{"start":{"line":3,"column":29},"end":{"line":3,"column":30}},"loc":{"start":{"line":3,"column":41},"end":{"line":7,"column":1}},"line":3}},"branchMap":{},"s":{"0":1,"1":0},"f":{"0":0},"b":{},"_coverageSchema":"1a1c01bbd47fc00a2c39e90264f33305004495a9","hash":"df87720e8b37ca6addae4ddca343dedbb6d1f27e"}
,"C:\\workspace\\gg\\site\\client\\src\\utils\\Constant.js": {"path":"C:\\workspace\\gg\\site\\client\\src\\utils\\Constant.js","statementMap":{"0":{"start":{"line":1,"column":17},"end":{"line":34,"column":1}}},"fnMap":{},"branchMap":{},"s":{"0":1},"f":{},"b":{},"_coverageSchema":"1a1c01bbd47fc00a2c39e90264f33305004495a9","hash":"137aed53cb7d576f81e2bee5e879375e6189e9f7"}
,"C:\\workspace\\gg\\site\\client\\src\\utils\\ValidationMessage.js": {"path":"C:\\workspace\\gg\\site\\client\\src\\utils\\ValidationMessage.js","statementMap":{"0":{"start":{"line":1,"column":33},"end":{"line":12,"column":1}},"1":{"start":{"line":2,"column":16},"end":{"line":7,"column":3}},"2":{"start":{"line":9,"column":2},"end":{"line":11,"column":3}},"3":{"start":{"line":10,"column":4},"end":{"line":10,"column":22}}},"fnMap":{"0":{"name":"(anonymous_0)","decl":{"start":{"line":1,"column":33},"end":{"line":1,"column":34}},"loc":{"start":{"line":1,"column":62},"end":{"line":12,"column":1}},"line":1}},"branchMap":{"0":{"loc":{"start":{"line":9,"column":2},"end":{"line":11,"column":3}},"type":"if","locations":[{"start":{"line":9,"column":2},"end":{"line":11,"column":3}},{"start":{"line":9,"column":2},"end":{"line":11,"column":3}}],"line":9}},"s":{"0":1,"1":2,"2":2,"3":2},"f":{"0":2},"b":{"0":[2,0]},"_coverageSchema":"1a1c01bbd47fc00a2c39e90264f33305004495a9","hash":"3c443b6b9943d3f674b86f6ec5cff8749030fd2b"}
,"C:\\workspace\\gg\\site\\client\\src\\views\\ForgetPassword\\ForgetPassword.Style.js": {"path":"C:\\workspace\\gg\\site\\client\\src\\views\\ForgetPassword\\ForgetPassword.Style.js","statementMap":{"0":{"start":{"line":3,"column":22},"end":{"line":26,"column":3}},"1":{"start":{"line":3,"column":45},"end":{"line":26,"column":1}}},"fnMap":{"0":{"name":"(anonymous_0)","decl":{"start":{"line":3,"column":33},"end":{"line":3,"column":34}},"loc":{"start":{"line":3,"column":45},"end":{"line":26,"column":1}},"line":3}},"branchMap":{},"s":{"0":1,"1":1},"f":{"0":1},"b":{},"_coverageSchema":"1a1c01bbd47fc00a2c39e90264f33305004495a9","hash":"9ba4c3faf7f908f87ff7718b1bd8e8b93cdfd072"}
,"C:\\workspace\\gg\\site\\client\\src\\views\\ForgetPassword\\index.jsx": {"path":"C:\\workspace\\gg\\site\\client\\src\\views\\ForgetPassword\\index.jsx","statementMap":{"0":{"start":{"line":19,"column":15},"end":{"line":123,"column":1}},"1":{"start":{"line":20,"column":18},"end":{"line":20,"column":26}},"2":{"start":{"line":21,"column":45},"end":{"line":21,"column":54}},"3":{"start":{"line":22,"column":18},"end":{"line":22,"column":30}},"4":{"start":{"line":23,"column":44},"end":{"line":23,"column":56}},"5":{"start":{"line":25,"column":19},"end":{"line":34,"column":3}},"6":{"start":{"line":26,"column":4},"end":{"line":33,"column":6}},"7":{"start":{"line":27,"column":6},"end":{"line":32,"column":7}},"8":{"start":{"line":28,"column":8},"end":{"line":31,"column":10}},"9":{"start":{"line":36,"column":24},"end":{"line":38,"column":3}},"10":{"start":{"line":37,"column":4},"end":{"line":37,"column":25}},"11":{"start":{"line":40,"column":27},"end":{"line":42,"column":3}},"12":{"start":{"line":41,"column":4},"end":{"line":41,"column":27}},"13":{"start":{"line":43,"column":2},"end":{"line":122,"column":3}},"14":{"start":{"line":94,"column":37},"end":{"line":94,"column":60}}},"fnMap":{"0":{"name":"(anonymous_0)","decl":{"start":{"line":19,"column":15},"end":{"line":19,"column":16}},"loc":{"start":{"line":19,"column":27},"end":{"line":123,"column":1}},"line":19},"1":{"name":"(anonymous_1)","decl":{"start":{"line":25,"column":19},"end":{"line":25,"column":20}},"loc":{"start":{"line":25,"column":35},"end":{"line":34,"column":3}},"line":25},"2":{"name":"(anonymous_2)","decl":{"start":{"line":26,"column":44},"end":{"line":26,"column":45}},"loc":{"start":{"line":26,"column":56},"end":{"line":33,"column":5}},"line":26},"3":{"name":"(anonymous_3)","decl":{"start":{"line":36,"column":24},"end":{"line":36,"column":25}},"loc":{"start":{"line":36,"column":36},"end":{"line":38,"column":3}},"line":36},"4":{"name":"(anonymous_4)","decl":{"start":{"line":40,"column":27},"end":{"line":40,"column":28}},"loc":{"start":{"line":40,"column":48},"end":{"line":42,"column":3}},"line":40},"5":{"name":"(anonymous_5)","decl":{"start":{"line":94,"column":26},"end":{"line":94,"column":27}},"loc":{"start":{"line":94,"column":37},"end":{"line":94,"column":60}},"line":94}},"branchMap":{"0":{"loc":{"start":{"line":27,"column":6},"end":{"line":32,"column":7}},"type":"if","locations":[{"start":{"line":27,"column":6},"end":{"line":32,"column":7}},{"start":{"line":27,"column":6},"end":{"line":32,"column":7}}],"line":27},"1":{"loc":{"start":{"line":97,"column":16},"end":{"line":99,"column":17}},"type":"binary-expr","locations":[{"start":{"line":97,"column":16},"end":{"line":97,"column":33}},{"start":{"line":97,"column":37},"end":{"line":99,"column":17}}],"line":97}},"s":{"0":1,"1":1,"2":1,"3":1,"4":1,"5":1,"6":0,"7":0,"8":0,"9":1,"10":0,"11":1,"12":0,"13":1,"14":0},"f":{"0":1,"1":0,"2":0,"3":0,"4":0,"5":0},"b":{"0":[0,0],"1":[1,0]},"_coverageSchema":"1a1c01bbd47fc00a2c39e90264f33305004495a9","hash":"66e1553b9fd884df5a1e15ca5ad49a5f1b952c57"}
}
